[2025-11-26 13:03:38] CREATE: Personnage "Ahri" ajouté (ID: 6926faaa0d403)
[2025-11-26 13:07:17] UPDATE: Personnage "Ahri" modifié (ID: 6926faaa0d403)
[2025-11-26 13:07:24] UPDATE: Personnage "Ahri" modifié (ID: 6926faaa0d403)
[2025-11-26 13:07:27] DELETE: Personnage supprimé (ID: 6926faaa0d403)
[2025-11-26 13:08:05] CREATE: Personnage "Ahri" ajouté (ID: 6926fbb59a6a7)
[2025-11-26 13:08:11] UPDATE: Personnage "Ahri" modifié (ID: 6926fbb59a6a7)
[2025-11-26 13:08:14] DELETE: Personnage supprimé (ID: 6926fbb59a6a7)
[2025-11-26 13:25:41] CREATE: Personnage "Ahri" ajouté (ID: 6926ffd5a3091)
[2025-11-26 13:25:48] UPDATE: Personnage "Ahri" modifié (ID: 6926ffd5a3091)
[2025-11-26 13:25:51] DELETE: Personnage supprimé (ID: 6926ffd5a3091)
[2025-11-26 13:30:30] CREATE: Personnage "Ahriiii" ajouté (ID: 692700f6417a6)
[2025-11-26 13:31:20] UPDATE: Personnage "Ahriiii" modifié (ID: 692700f6417a6)
[2025-11-26 13:31:23] DELETE: Personnage supprimé (ID: 692700f6417a6)
[2025-11-26 13:32:47] UPDATE: Personnage "Alhaitham" modifié (ID: alhaitham)
[2025-11-26 13:32:53] UPDATE: Personnage "Alhaitham" modifié (ID: alhaitham)
[2025-11-26 14:11:24] CREATE: Personnage "Ahri" ajouté (ID: 69270a8c0ecf4)
[2025-11-26 14:11:32] UPDATE: Personnage "Ahri" modifié (ID: 69270a8c0ecf4)
[2025-11-26 14:11:36] DELETE: Personnage supprimé (ID: 69270a8c0ecf4)
[2025-11-26 14:11:58] UPDATE: Personnage "Alhaitham" modifié (ID: alhaitham)
[2025-11-26 14:12:06] UPDATE: Personnage "Alhaitham" modifié (ID: alhaitham)
[2025-11-26 14:14:45] UPDATE: Personnage "Alhaitham" modifié (ID: alhaitham)
